[Mon Mar 30 12:01:14 AM PDT 2026] Starting observability data collection
[Mon Mar 30 12:01:14 AM PDT 2026] Running collect-metrics.sh
[Mon Mar 30 12:01:14 AM PDT 2026] Starting metrics collection...
[Mon Mar 30 12:01:14 AM PDT 2026] Output: /home/admin/.openclaw/workspace/observability/data/metrics-20260330-000114.json
[Mon Mar 30 12:01:14 AM PDT 2026] Parsing session logs...
[Mon Mar 30 12:01:14 AM PDT 2026] Extracting error patterns...
jq: invalid JSON text passed to --argjson
Use jq --help for help with command-line options,
or see the jq manpage, or online docs  at https://jqlang.github.io/jq
[Mon Mar 30 12:01:14 AM PDT 2026] Parsing memory files...
[Mon Mar 30 12:01:14 AM PDT 2026] Checking clawhub data...
jq: invalid JSON text passed to --argjson
Use jq --help for help with command-line options,
or see the jq manpage, or online docs  at https://jqlang.github.io/jq
[Mon Mar 30 12:01:14 AM PDT 2026] Generating summary metrics...
jq: invalid JSON text passed to --argjson
Use jq --help for help with command-line options,
or see the jq manpage, or online docs  at https://jqlang.github.io/jq
[Mon Mar 30 12:01:14 AM PDT 2026] Data collection failed
[Mon Mar 30 12:01:14 AM PDT 2026] Running aggregate-metrics.js
[Aggregator] Starting metrics aggregation...
[Aggregator] Loaded 1 daily metrics files
[Aggregator] Created time-series data with 143 sessions
[Aggregator] Models found: 6
[Aggregator] Calculated performance metrics
[Aggregator] Success rate: 0.0%
[Aggregator] Tracked skill adoption for 0 skills
[Aggregator] Identified 5 error patterns
[Aggregator] Extracted 0 learnings
[Aggregator] Generated custom metrics
[Aggregator] Generated report: /home/admin/.openclaw/workspace/observability/reports/spawnHistory.json
[Aggregator] Generated report: /home/admin/.openclaw/workspace/observability/reports/modelPerformance.json
[Aggregator] Generated report: /home/admin/.openclaw/workspace/observability/reports/skillAdoption.json
[Aggregator] Generated report: /home/admin/.openclaw/workspace/observability/reports/errorPatterns.json
[Aggregator] Generated report: /home/admin/.openclaw/workspace/observability/reports/learnings.json
[Aggregator] Generated report: /home/admin/.openclaw/workspace/observability/reports/customMetrics.json
[Aggregator] Saved aggregated metrics
[Aggregator] Aggregation complete!
[Aggregator] Reports saved to: /home/admin/.openclaw/workspace/observability/reports
[Mon Mar 30 12:01:14 AM PDT 2026] Aggregation successful
[Mon Mar 30 12:01:14 AM PDT 2026] Observability collection cycle complete
[Mon Mar 30 12:31:14 AM PDT 2026] Starting observability data collection
[Mon Mar 30 12:31:14 AM PDT 2026] Running collect-metrics.sh
[Mon Mar 30 12:31:14 AM PDT 2026] Starting metrics collection...
[Mon Mar 30 12:31:14 AM PDT 2026] Output: /home/admin/.openclaw/workspace/observability/data/metrics-20260330-003114.json
[Mon Mar 30 12:31:14 AM PDT 2026] Parsing session logs...
jq: invalid JSON text passed to --argjson
Use jq --help for help with command-line options,
or see the jq manpage, or online docs  at https://jqlang.github.io/jq
[Mon Mar 30 12:31:14 AM PDT 2026] Extracting error patterns...
jq: invalid JSON text passed to --argjson
Use jq --help for help with command-line options,
or see the jq manpage, or online docs  at https://jqlang.github.io/jq
[Mon Mar 30 12:31:14 AM PDT 2026] Parsing memory files...
[Mon Mar 30 12:31:14 AM PDT 2026] Checking clawhub data...
jq: invalid JSON text passed to --argjson
Use jq --help for help with command-line options,
or see the jq manpage, or online docs  at https://jqlang.github.io/jq
[Mon Mar 30 12:31:14 AM PDT 2026] Generating summary metrics...
jq: invalid JSON text passed to --argjson
Use jq --help for help with command-line options,
or see the jq manpage, or online docs  at https://jqlang.github.io/jq
[Mon Mar 30 12:31:14 AM PDT 2026] Data collection failed
[Mon Mar 30 12:31:14 AM PDT 2026] Running aggregate-metrics.js
[Aggregator] Starting metrics aggregation...
[Aggregator] Loaded 1 daily metrics files
[Aggregator] Created time-series data with 143 sessions
[Aggregator] Models found: 6
[Aggregator] Calculated performance metrics
[Aggregator] Success rate: 0.0%
[Aggregator] Tracked skill adoption for 0 skills
[Aggregator] Identified 5 error patterns
[Aggregator] Extracted 0 learnings
[Aggregator] Generated custom metrics
[Aggregator] Generated report: /home/admin/.openclaw/workspace/observability/reports/spawnHistory.json
[Aggregator] Generated report: /home/admin/.openclaw/workspace/observability/reports/modelPerformance.json
[Aggregator] Generated report: /home/admin/.openclaw/workspace/observability/reports/skillAdoption.json
[Aggregator] Generated report: /home/admin/.openclaw/workspace/observability/reports/errorPatterns.json
[Aggregator] Generated report: /home/admin/.openclaw/workspace/observability/reports/learnings.json
[Aggregator] Generated report: /home/admin/.openclaw/workspace/observability/reports/customMetrics.json
[Aggregator] Saved aggregated metrics
[Aggregator] Aggregation complete!
[Aggregator] Reports saved to: /home/admin/.openclaw/workspace/observability/reports
[Mon Mar 30 12:31:14 AM PDT 2026] Aggregation successful
[Mon Mar 30 12:31:14 AM PDT 2026] Observability collection cycle complete
[Mon Mar 30 01:01:15 AM PDT 2026] Starting observability data collection
[Mon Mar 30 01:01:15 AM PDT 2026] Running collect-metrics.sh
[Mon Mar 30 01:01:15 AM PDT 2026] Starting metrics collection...
[Mon Mar 30 01:01:15 AM PDT 2026] Output: /home/admin/.openclaw/workspace/observability/data/metrics-20260330-010115.json
[Mon Mar 30 01:01:15 AM PDT 2026] Parsing session logs...
jq: invalid JSON text passed to --argjson
Use jq --help for help with command-line options,
or see the jq manpage, or online docs  at https://jqlang.github.io/jq
[Mon Mar 30 01:01:15 AM PDT 2026] Extracting error patterns...
jq: invalid JSON text passed to --argjson
Use jq --help for help with command-line options,
or see the jq manpage, or online docs  at https://jqlang.github.io/jq
[Mon Mar 30 01:01:15 AM PDT 2026] Parsing memory files...
[Mon Mar 30 01:01:15 AM PDT 2026] Checking clawhub data...
jq: invalid JSON text passed to --argjson
Use jq --help for help with command-line options,
or see the jq manpage, or online docs  at https://jqlang.github.io/jq
[Mon Mar 30 01:01:15 AM PDT 2026] Generating summary metrics...
jq: invalid JSON text passed to --argjson
Use jq --help for help with command-line options,
or see the jq manpage, or online docs  at https://jqlang.github.io/jq
[Mon Mar 30 01:01:15 AM PDT 2026] Data collection failed
[Mon Mar 30 01:01:15 AM PDT 2026] Running aggregate-metrics.js
[Aggregator] Starting metrics aggregation...
[Aggregator] Loaded 1 daily metrics files
[Aggregator] Created time-series data with 143 sessions
[Aggregator] Models found: 6
[Aggregator] Calculated performance metrics
[Aggregator] Success rate: 0.0%
[Aggregator] Tracked skill adoption for 0 skills
[Aggregator] Identified 5 error patterns
[Aggregator] Extracted 0 learnings
[Aggregator] Generated custom metrics
[Aggregator] Generated report: /home/admin/.openclaw/workspace/observability/reports/spawnHistory.json
[Aggregator] Generated report: /home/admin/.openclaw/workspace/observability/reports/modelPerformance.json
[Aggregator] Generated report: /home/admin/.openclaw/workspace/observability/reports/skillAdoption.json
[Aggregator] Generated report: /home/admin/.openclaw/workspace/observability/reports/errorPatterns.json
[Aggregator] Generated report: /home/admin/.openclaw/workspace/observability/reports/learnings.json
[Aggregator] Generated report: /home/admin/.openclaw/workspace/observability/reports/customMetrics.json
[Aggregator] Saved aggregated metrics
[Aggregator] Aggregation complete!
[Aggregator] Reports saved to: /home/admin/.openclaw/workspace/observability/reports
[Mon Mar 30 01:01:15 AM PDT 2026] Aggregation successful
[Mon Mar 30 01:01:15 AM PDT 2026] Observability collection cycle complete
[Mon Mar 30 01:31:50 AM PDT 2026] Starting observability data collection
[Mon Mar 30 01:31:50 AM PDT 2026] Running collect-metrics.sh
[Mon Mar 30 01:31:51 AM PDT 2026] Starting metrics collection...
[Mon Mar 30 01:31:51 AM PDT 2026] Output: /home/admin/.openclaw/workspace/observability/data/metrics-20260330-013151.json
[Mon Mar 30 01:31:51 AM PDT 2026] Parsing session logs...
jq: invalid JSON text passed to --argjson
Use jq --help for help with command-line options,
or see the jq manpage, or online docs  at https://jqlang.github.io/jq
[Mon Mar 30 01:31:51 AM PDT 2026] Extracting error patterns...
jq: invalid JSON text passed to --argjson
Use jq --help for help with command-line options,
or see the jq manpage, or online docs  at https://jqlang.github.io/jq
[Mon Mar 30 01:31:51 AM PDT 2026] Parsing memory files...
[Mon Mar 30 01:31:51 AM PDT 2026] Checking clawhub data...
jq: invalid JSON text passed to --argjson
Use jq --help for help with command-line options,
or see the jq manpage, or online docs  at https://jqlang.github.io/jq
[Mon Mar 30 01:31:51 AM PDT 2026] Generating summary metrics...
jq: invalid JSON text passed to --argjson
Use jq --help for help with command-line options,
or see the jq manpage, or online docs  at https://jqlang.github.io/jq
[Mon Mar 30 01:31:51 AM PDT 2026] Data collection failed
[Mon Mar 30 01:31:51 AM PDT 2026] Running aggregate-metrics.js
[Aggregator] Starting metrics aggregation...
[Aggregator] Loaded 1 daily metrics files
[Aggregator] Created time-series data with 143 sessions
[Aggregator] Models found: 6
[Aggregator] Calculated performance metrics
[Aggregator] Success rate: 0.0%
[Aggregator] Tracked skill adoption for 0 skills
[Aggregator] Identified 5 error patterns
[Aggregator] Extracted 0 learnings
[Aggregator] Generated custom metrics
[Aggregator] Generated report: /home/admin/.openclaw/workspace/observability/reports/spawnHistory.json
[Aggregator] Generated report: /home/admin/.openclaw/workspace/observability/reports/modelPerformance.json
[Aggregator] Generated report: /home/admin/.openclaw/workspace/observability/reports/skillAdoption.json
[Aggregator] Generated report: /home/admin/.openclaw/workspace/observability/reports/errorPatterns.json
[Aggregator] Generated report: /home/admin/.openclaw/workspace/observability/reports/learnings.json
[Aggregator] Generated report: /home/admin/.openclaw/workspace/observability/reports/customMetrics.json
[Aggregator] Saved aggregated metrics
[Aggregator] Aggregation complete!
[Aggregator] Reports saved to: /home/admin/.openclaw/workspace/observability/reports
[Mon Mar 30 01:31:51 AM PDT 2026] Aggregation successful
[Mon Mar 30 01:31:51 AM PDT 2026] Observability collection cycle complete
[Mon Mar 30 02:03:45 AM PDT 2026] Starting observability data collection
[Mon Mar 30 02:03:45 AM PDT 2026] Running collect-metrics.sh
[Mon Mar 30 02:03:45 AM PDT 2026] Starting metrics collection...
[Mon Mar 30 02:03:45 AM PDT 2026] Output: /home/admin/.openclaw/workspace/observability/data/metrics-20260330-020345.json
[Mon Mar 30 02:03:45 AM PDT 2026] Parsing session logs...
jq: invalid JSON text passed to --argjson
Use jq --help for help with command-line options,
or see the jq manpage, or online docs  at https://jqlang.github.io/jq
[Mon Mar 30 02:03:45 AM PDT 2026] Extracting error patterns...
jq: invalid JSON text passed to --argjson
Use jq --help for help with command-line options,
or see the jq manpage, or online docs  at https://jqlang.github.io/jq
[Mon Mar 30 02:03:45 AM PDT 2026] Parsing memory files...
[Mon Mar 30 02:03:45 AM PDT 2026] Checking clawhub data...
jq: invalid JSON text passed to --argjson
Use jq --help for help with command-line options,
or see the jq manpage, or online docs  at https://jqlang.github.io/jq
[Mon Mar 30 02:03:45 AM PDT 2026] Generating summary metrics...
jq: invalid JSON text passed to --argjson
Use jq --help for help with command-line options,
or see the jq manpage, or online docs  at https://jqlang.github.io/jq
[Mon Mar 30 02:03:45 AM PDT 2026] Data collection failed
[Mon Mar 30 02:03:45 AM PDT 2026] Running aggregate-metrics.js
[Aggregator] Starting metrics aggregation...
[Aggregator] Loaded 1 daily metrics files
[Aggregator] Created time-series data with 143 sessions
[Aggregator] Models found: 6
[Aggregator] Calculated performance metrics
[Aggregator] Success rate: 0.0%
[Aggregator] Tracked skill adoption for 0 skills
[Aggregator] Identified 5 error patterns
[Aggregator] Extracted 0 learnings
[Aggregator] Generated custom metrics
[Aggregator] Generated report: /home/admin/.openclaw/workspace/observability/reports/spawnHistory.json
[Aggregator] Generated report: /home/admin/.openclaw/workspace/observability/reports/modelPerformance.json
[Aggregator] Generated report: /home/admin/.openclaw/workspace/observability/reports/skillAdoption.json
[Aggregator] Generated report: /home/admin/.openclaw/workspace/observability/reports/errorPatterns.json
[Aggregator] Generated report: /home/admin/.openclaw/workspace/observability/reports/learnings.json
[Aggregator] Generated report: /home/admin/.openclaw/workspace/observability/reports/customMetrics.json
[Aggregator] Saved aggregated metrics
[Aggregator] Aggregation complete!
[Aggregator] Reports saved to: /home/admin/.openclaw/workspace/observability/reports
[Mon Mar 30 02:03:45 AM PDT 2026] Aggregation successful
[Mon Mar 30 02:03:45 AM PDT 2026] Observability collection cycle complete
